[01:17:55] ==================================================
[01:17:55] Bot baslatiliyor (Mod: follow)...
[01:17:55] Sayfa: instagramitiraf34 | Hesap: instagramitiraf34@gmail.com
[01:17:55] ==================================================
[01:17:55] Instagram'a giris yapiliyor...
[01:17:55] Kayitli session bulundu, yukleniyor...
[01:18:03] Session gecerli, login atildi.
[01:18:03] Bot hazir, dongu basliyor.
[01:18:03] Planli paylasimlar kontrol ediliyor...
[01:18:03] Planli paylasim zamani gelmis: json_1772919535_1
[01:18:03] Reels paylasiliyor: json_1772919535_1.mp4
Analyzing CLIP file "/Users/toyguncil/Desktop/instagramproject/output/json_1772919535_1.mp4"
Generating thumbnail "/Users/toyguncil/Desktop/instagramproject/output/json_1772919535_1.mp4.jpg"...
[01:20:35] ==================================================
[01:20:35] Bot baslatiliyor (Mod: follow)...
[01:20:35] Sayfa: instagramitiraf34 | Hesap: instagramitiraf34@gmail.com
[01:20:35] ==================================================
[01:20:35] Instagram'a giris yapiliyor...
[01:20:35] Kayitli session bulundu, yukleniyor...
[01:20:43] Session gecerli, login atildi.
[01:20:43] Bot hazir, dongu basliyor.
[01:20:43] 'gizli_itiraff__' takipçileri taranıyor...
[01:22:00] ==================================================
[01:22:00] Bot baslatiliyor (Mod: follow)...
[01:22:00] Sayfa: instagramitiraf34 | Hesap: instagramitiraf34@gmail.com
[01:22:00] ==================================================
[01:22:00] Instagram'a giris yapiliyor...
[01:22:00] Kayitli session bulundu, yukleniyor...
[01:22:06] Session gecerli, login atildi.
[01:22:06] Bot hazir, dongu basliyor.
[01:22:06] 'gizli_itiraff__' takipçileri taranıyor...
[01:22:52] ==================================================
[01:22:52] Bot baslatiliyor (Mod: follow)...
[01:22:52] Sayfa: instagramitiraf34 | Hesap: instagramitiraf34@gmail.com
[01:22:52] ==================================================
[01:22:52] Instagram'a giris yapiliyor...
[01:22:52] Kayitli session bulundu, yukleniyor...
[01:22:59] Session gecerli, login atildi.
[01:22:59] Bot hazir, dongu basliyor.
[01:22:59] 'gizli_itiraff__' takipçileri taranıyor...
[01:23:59] Takipçi çekme hatası: Please wait a few minutes before you try again.
[01:24:29] 'gizli_itiraff__' takipçileri taranıyor...
[01:24:49] Takipçi çekme hatası: Please wait a few minutes before you try again.
[01:25:19] 'gizli_itiraff__' takipçileri taranıyor...
