[01:44:02] Bot güvenli modda başlatıldı (Mod: share)
[01:44:02] Instagram'a güvenli giriş yapılıyor...
Traceback (most recent call last):
  File "/Users/toyguncil/Desktop/instagramproject/main.py", line 132, in <module>
    main()
  File "/Users/toyguncil/Desktop/instagramproject/main.py", line 121, in main
    bot_modu(mode="share")
  File "/Users/toyguncil/Desktop/instagramproject/main.py", line 97, in bot_modu
    bot.calistir(mode=mode)
  File "/Users/toyguncil/Desktop/instagramproject/instagram_bot.py", line 272, in calistir
    self.giris_yap()
  File "/Users/toyguncil/Desktop/instagramproject/instagram_bot.py", line 99, in giris_yap
    self.cl.set_device_make("Samsung")
    ^^^^^^^^^^^^^^^^^^^^^^^
AttributeError: 'Client' object has no attribute 'set_device_make'
[01:45:46] Bot güvenli modda başlatıldı (Mod: share)
[01:45:46] Instagram'a güvenli giriş yapılıyor...
[01:45:57] Oturum geçersiz, yeniden giriş yapılıyor...
[01:45:57] Yeni oturum açıldı ve kaydedildi.
[01:46:14] Planlı görevler taranıyor...
[01:46:14] Reels paylaşılıyor (İnsansı hız)...
Analyzing CLIP file "/Users/toyguncil/Desktop/instagramproject/output/json_1772919541_2.mp4"
Generating thumbnail "/Users/toyguncil/Desktop/instagramproject/output/json_1772919541_2.mp4.jpg"...
[01:46:14] Paylaşım hatası: Unknown ({'response': <Response [200]>, 'user': {'strong_id__': '41529624359', 'pk': 41529624359, 'highlights_tray_type': 'DEFAULT', 'id': '41529624359', 'profile_pic_url': 'https://scontent-muc2-1.cdninstagram.com/v/t51.2885-19/573323465_1219825463302212_7278921664109726296_n.png?stp=dst-jpg_e0_s150x150_tt6&efg=eyJ2ZW5jb2RlX3RhZyI6InByb2ZpbGVfcGljLmRqYW5nby4xNTAuYzIifQ&_nc_ht=scontent-muc2-1.cdninstagram.com&_nc_cat=1&_nc_oc=Q6cZ2QGrqtWom_EpE0o3pywdtbz4mpiX27y4ptEHQaRxP0IPN3EAhEMuzcYD2VZCWthQPt7ARaZw4cpYAxUzxZCiSAJY&_nc_ohc=S3EIp504ctYQ7kNvwGljx6l&_nc_gid=7WwghpX5xzAxYkaxf1D_aA&edm=AB11_MABAAAA&ccb=7-5&ig_cache_key=YW5vbnltb3VzX3Byb2ZpbGVfcGlj.3-ccb7-5&oh=00_Afy5M-XazabMVjwmaqgdkZAt0eocoAwvvYYezrM6ZkXN9g&oe=69B276EA&_nc_sid=dc5e7f', 'username': 'gizli_itiraf_edenler'}, 'status': 'ok'})
[01:47:46] Bot güvenli modda başlatıldı (Mod: share)
[01:47:46] Instagram'a güvenli giriş yapılıyor...
[01:47:53] Oturum geçersiz, yeniden giriş yapılıyor...
[01:47:53] Yeni oturum açıldı ve kaydedildi.
[01:48:18] Planlı görevler taranıyor...
[01:48:18] Reels paylaşılıyor (İnsansı hız)...
Analyzing CLIP file "/Users/toyguncil/Desktop/instagramproject/output/json_1772919541_2.mp4"
Generating thumbnail "/Users/toyguncil/Desktop/instagramproject/output/json_1772919541_2.mp4.jpg"...
[01:48:30] Bilgi: Bilinmeyen bir hata oluştu ama Instagram 'ok' yanıtı döndü. Başarılı sayılıyor...
[01:48:30] Video paylaşıldı ve sistemden temizlendi.
[01:50:10] Bot güvenli modda başlatıldı (Mod: share)
[01:50:10] Instagram'a güvenli giriş yapılıyor...
[01:50:22] Oturum geçersiz, yeniden giriş yapılıyor...
[01:50:22] Yeni oturum açıldı ve kaydedildi.
[01:50:41] Planlı görevler taranıyor...
[01:52:58] Planlı görevler taranıyor...
[01:54:44] Planlı görevler taranıyor...
[02:05:14] Bot güvenli modda başlatıldı (Mod: share)
[02:05:14] Instagram'a güvenli giriş yapılıyor...
[02:05:21] Oturum geçersiz, yeniden giriş yapılıyor...
[02:05:21] Yeni oturum açıldı ve kaydedildi.
[02:05:21] Gece uykusu modu aktif (07:00'ye kadar).
